2016-08-08 14:23:53 INFO [DruidDataSource.java:721] {dataSource-1} inited
2016-08-08 14:24:52 INFO [Aop.java:30] 服务名：TestService.add--输入参数：{"table":{"tableName":"Pub_Query","row":{"CurrentPage":"1","PageRecord":"10","OrgCode":""}}}
2016-08-08 14:25:24 INFO [Aop.java:34] 执行时间：9180 ms
2016-08-08 14:25:25 INFO [Aop.java:36] 输出：{"table":{"tableName":"Pub_Query","row":{"CurrentPage":"1","PageRecord":"10","OrgCode":""}}}
2016-08-08 14:25:30 INFO [DruidDataSource.java:1436] {dataSource-1} closed
2016-08-10 15:40:49 INFO [DruidDataSource.java:721] {dataSource-1} inited
2016-08-10 15:40:56 INFO [DruidDataSource.java:1436] {dataSource-1} closed
2016-08-10 15:43:57 INFO [DruidDataSource.java:721] {dataSource-1} inited
2016-08-10 15:44:03 INFO [DruidDataSource.java:1436] {dataSource-1} closed
2016-08-10 15:45:52 INFO [DruidDataSource.java:721] {dataSource-1} inited
2016-08-10 15:45:58 INFO [DruidDataSource.java:1436] {dataSource-1} closed
2016-08-10 15:49:58 INFO [DruidDataSource.java:721] {dataSource-1} inited
2016-08-10 15:49:59 INFO [LoggingAspect.java:26] 服务名：TestService.add
2016-08-10 15:49:59 INFO [LoggingAspect.java:27] 参数：{"table":{"tableName":"Pub_Query","row":{"CurrentPage":"1","PageRecord":"10","OrgCode":""}}}
2016-08-10 15:50:04 INFO [DruidDataSource.java:1436] {dataSource-1} closed
2016-08-10 15:57:09 INFO [DruidDataSource.java:721] {dataSource-1} inited
2016-08-10 15:57:10 INFO [LoggingAspect.java:27] 服务名：TestService.add
2016-08-10 15:57:10 INFO [LoggingAspect.java:28] 参数：{"table":{"tableName":"Pub_Query","row":{"CurrentPage":"1","PageRecord":"10","OrgCode":""}}}
2016-08-10 15:57:10 INFO [LoggingAspect.java:33] 输出：{"table":{"tableName":"Pub_Query","row":{"CurrentPage":"1","PageRecord":"10","OrgCode":""}}}
2016-08-10 15:57:15 INFO [DruidDataSource.java:1436] {dataSource-1} closed
2016-08-10 15:58:13 INFO [DruidDataSource.java:721] {dataSource-1} inited
2016-08-10 15:58:15 INFO [LoggingAspect.java:27] 服务名：TestService.add
2016-08-10 15:58:15 INFO [LoggingAspect.java:28] 参数：{"table":{"tableName":"Pub_Query","row":{"CurrentPage":"1","PageRecord":"10","OrgCode":""}}}
2016-08-10 15:58:15 INFO [LoggingAspect.java:33] 输出：执行成功！
2016-08-10 15:58:20 INFO [DruidDataSource.java:1436] {dataSource-1} closed
2016-08-10 16:00:50 INFO [DruidDataSource.java:721] {dataSource-1} inited
2016-08-10 16:00:52 INFO [LoggingAspect.java:27] 服务名：TestService.add -- 参数：{"table":{"tableName":"Pub_Query","row":{"CurrentPage":"1","PageRecord":"10","OrgCode":""}}}
2016-08-10 16:00:52 INFO [LoggingAspect.java:33] 执行时间：1 ms
2016-08-10 16:00:52 INFO [LoggingAspect.java:34] 输出：执行成功！
2016-08-10 16:00:57 INFO [DruidDataSource.java:1436] {dataSource-1} closed
2016-08-10 16:12:33 INFO [DruidDataSource.java:721] {dataSource-1} inited
2016-08-10 16:12:34 INFO [LoggingAspect.java:31] 服务名：TestService.add -- 参数：{"table":{"tableName":"Pub_Query","row":{"CurrentPage":"1","PageRecord":"10","OrgCode":""}}}
2016-08-10 16:12:34 INFO [LoggingAspect.java:46] 服务名：TestService.add -- 参数：{"table":{"tableName":"Pub_Query","row":{"CurrentPage":"1","PageRecord":"10","OrgCode":""}}}
2016-08-10 16:12:39 INFO [DruidDataSource.java:1436] {dataSource-1} closed
2016-08-10 16:13:14 INFO [DruidDataSource.java:721] {dataSource-1} inited
2016-08-10 16:13:16 INFO [LoggingAspect.java:31] 服务名：TestService.add -- 参数：{"table":{"tableName":"Pub_Query","row":{"CurrentPage":"1","PageRecord":"10","OrgCode":""}}}
2016-08-10 16:13:16 INFO [LoggingAspect.java:46] 异常信息：服务名：TestService.add -- 参数：{"table":{"tableName":"Pub_Query","row":{"CurrentPage":"1","PageRecord":"10","OrgCode":""}}}
2016-08-10 16:13:21 INFO [DruidDataSource.java:1436] {dataSource-1} closed
2016-08-10 16:15:14 INFO [DruidDataSource.java:721] {dataSource-1} inited
2016-08-10 16:15:16 INFO [LoggingAspect.java:31] 服务名：TestService.add -- 参数：{"table":{"tableName":"Pub_Query","row":{"CurrentPage":"1","PageRecord":"10","OrgCode":""}}}
2016-08-10 16:15:42 INFO [LoggingAspect.java:49] java.lang.ArithmeticException: / by zero
	at com.mgear.wuhanparking.service.impl.TestServiceImpl.add(TestServiceImpl.java:26)
	at sun.reflect.NativeMethodAccessorImpl.invoke0(Native Method)
	at sun.reflect.NativeMethodAccessorImpl.invoke(NativeMethodAccessorImpl.java:57)
	at sun.reflect.DelegatingMethodAccessorImpl.invoke(DelegatingMethodAccessorImpl.java:43)
	at java.lang.reflect.Method.invoke(Method.java:606)
	at org.springframework.aop.support.AopUtils.invokeJoinpointUsingReflection(AopUtils.java:317)
	at org.springframework.aop.framework.ReflectiveMethodInvocation.invokeJoinpoint(ReflectiveMethodInvocation.java:190)
	at org.springframework.aop.framework.ReflectiveMethodInvocation.proceed(ReflectiveMethodInvocation.java:157)
	at org.springframework.aop.framework.adapter.MethodBeforeAdviceInterceptor.invoke(MethodBeforeAdviceInterceptor.java:52)
	at org.springframework.aop.framework.ReflectiveMethodInvocation.proceed(ReflectiveMethodInvocation.java:179)
	at org.springframework.aop.framework.adapter.AfterReturningAdviceInterceptor.invoke(AfterReturningAdviceInterceptor.java:52)
	at org.springframework.aop.framework.ReflectiveMethodInvocation.proceed(ReflectiveMethodInvocation.java:179)
	at org.springframework.aop.aspectj.AspectJAfterThrowingAdvice.invoke(AspectJAfterThrowingAdvice.java:58)
	at org.springframework.aop.framework.ReflectiveMethodInvocation.proceed(ReflectiveMethodInvocation.java:179)
	at org.springframework.transaction.interceptor.TransactionInterceptor$1.proceedWithInvocation(TransactionInterceptor.java:99)
	at org.springframework.transaction.interceptor.TransactionAspectSupport.invokeWithinTransaction(TransactionAspectSupport.java:281)
	at org.springframework.transaction.interceptor.TransactionInterceptor.invoke(TransactionInterceptor.java:96)
	at org.springframework.aop.framework.ReflectiveMethodInvocation.proceed(ReflectiveMethodInvocation.java:179)
	at org.springframework.aop.interceptor.ExposeInvocationInterceptor.invoke(ExposeInvocationInterceptor.java:92)
	at org.springframework.aop.framework.ReflectiveMethodInvocation.proceed(ReflectiveMethodInvocation.java:179)
	at org.springframework.aop.framework.JdkDynamicAopProxy.invoke(JdkDynamicAopProxy.java:207)
	at com.sun.proxy.$Proxy22.add(Unknown Source)
	at com.service.test.ServiceTest.test(ServiceTest.java:20)
	at sun.reflect.NativeMethodAccessorImpl.invoke0(Native Method)
	at sun.reflect.NativeMethodAccessorImpl.invoke(NativeMethodAccessorImpl.java:57)
	at sun.reflect.DelegatingMethodAccessorImpl.invoke(DelegatingMethodAccessorImpl.java:43)
	at java.lang.reflect.Method.invoke(Method.java:606)
	at org.junit.runners.model.FrameworkMethod$1.runReflectiveCall(FrameworkMethod.java:50)
	at org.junit.internal.runners.model.ReflectiveCallable.run(ReflectiveCallable.java:12)
	at org.junit.runners.model.FrameworkMethod.invokeExplosively(FrameworkMethod.java:47)
	at org.junit.internal.runners.statements.InvokeMethod.evaluate(InvokeMethod.java:17)
	at org.springframework.test.context.junit4.statements.RunBeforeTestMethodCallbacks.evaluate(RunBeforeTestMethodCallbacks.java:73)
	at org.springframework.test.context.junit4.statements.RunAfterTestMethodCallbacks.evaluate(RunAfterTestMethodCallbacks.java:82)
	at org.springframework.test.context.junit4.statements.SpringRepeat.evaluate(SpringRepeat.java:73)
	at org.junit.runners.ParentRunner.runLeaf(ParentRunner.java:325)
	at org.springframework.test.context.junit4.SpringJUnit4ClassRunner.runChild(SpringJUnit4ClassRunner.java:224)
	at org.springframework.test.context.junit4.SpringJUnit4ClassRunner.runChild(SpringJUnit4ClassRunner.java:83)
	at org.junit.runners.ParentRunner$3.run(ParentRunner.java:290)
	at org.junit.runners.ParentRunner$1.schedule(ParentRunner.java:71)
	at org.junit.runners.ParentRunner.runChildren(ParentRunner.java:288)
	at org.junit.runners.ParentRunner.access$000(ParentRunner.java:58)
	at org.junit.runners.ParentRunner$2.evaluate(ParentRunner.java:268)
	at org.springframework.test.context.junit4.statements.RunBeforeTestClassCallbacks.evaluate(RunBeforeTestClassCallbacks.java:61)
	at org.springframework.test.context.junit4.statements.RunAfterTestClassCallbacks.evaluate(RunAfterTestClassCallbacks.java:68)
	at org.junit.runners.ParentRunner.run(ParentRunner.java:363)
	at org.springframework.test.context.junit4.SpringJUnit4ClassRunner.run(SpringJUnit4ClassRunner.java:163)
	at org.eclipse.jdt.internal.junit4.runner.JUnit4TestReference.run(JUnit4TestReference.java:50)
	at org.eclipse.jdt.internal.junit.runner.TestExecution.run(TestExecution.java:38)
	at org.eclipse.jdt.internal.junit.runner.RemoteTestRunner.runTests(RemoteTestRunner.java:459)
	at org.eclipse.jdt.internal.junit.runner.RemoteTestRunner.runTests(RemoteTestRunner.java:675)
	at org.eclipse.jdt.internal.junit.runner.RemoteTestRunner.run(RemoteTestRunner.java:382)
	at org.eclipse.jdt.internal.junit.runner.RemoteTestRunner.main(RemoteTestRunner.java:192)

2016-08-10 16:16:03 INFO [DruidDataSource.java:1436] {dataSource-1} closed
2016-08-10 16:16:40 INFO [DruidDataSource.java:721] {dataSource-1} inited
2016-08-10 16:16:41 INFO [DruidDataSource.java:1436] {dataSource-1} closed
2016-08-10 16:17:38 INFO [DruidDataSource.java:721] {dataSource-1} inited
2016-08-10 16:17:40 INFO [Aop.java:30] 服务名：TestService.add--输入参数：{"table":{"tableName":"Pub_Query","row":{"CurrentPage":"1","PageRecord":"10","OrgCode":""}}}
2016-08-10 16:17:40 ERROR [Aop.java:39] 服务名：TestService.add
2016-08-10 16:17:40 ERROR [Aop.java:40] 输入参数：{"table":{"tableName":"Pub_Query","row":{"CurrentPage":"1","PageRecord":"10","OrgCode":""}}}
2016-08-10 16:17:40 ERROR [Aop.java:43] java.lang.ArithmeticException: / by zero
	at com.mgear.wuhanparking.service.impl.TestServiceImpl.add(TestServiceImpl.java:26)
	at sun.reflect.NativeMethodAccessorImpl.invoke0(Native Method)
	at sun.reflect.NativeMethodAccessorImpl.invoke(NativeMethodAccessorImpl.java:57)
	at sun.reflect.DelegatingMethodAccessorImpl.invoke(DelegatingMethodAccessorImpl.java:43)
	at java.lang.reflect.Method.invoke(Method.java:606)
	at org.springframework.aop.support.AopUtils.invokeJoinpointUsingReflection(AopUtils.java:317)
	at org.springframework.aop.framework.ReflectiveMethodInvocation.invokeJoinpoint(ReflectiveMethodInvocation.java:190)
	at org.springframework.aop.framework.ReflectiveMethodInvocation.proceed(ReflectiveMethodInvocation.java:157)
	at org.springframework.transaction.interceptor.TransactionInterceptor$1.proceedWithInvocation(TransactionInterceptor.java:99)
	at org.springframework.transaction.interceptor.TransactionAspectSupport.invokeWithinTransaction(TransactionAspectSupport.java:281)
	at org.springframework.transaction.interceptor.TransactionInterceptor.invoke(TransactionInterceptor.java:96)
	at org.springframework.aop.framework.ReflectiveMethodInvocation.proceed(ReflectiveMethodInvocation.java:179)
	at org.springframework.aop.aspectj.MethodInvocationProceedingJoinPoint.proceed(MethodInvocationProceedingJoinPoint.java:97)
	at com.mgear.wuhanparking.common.aop.Aop.logAround(Aop.java:33)
	at sun.reflect.NativeMethodAccessorImpl.invoke0(Native Method)
	at sun.reflect.NativeMethodAccessorImpl.invoke(NativeMethodAccessorImpl.java:57)
	at sun.reflect.DelegatingMethodAccessorImpl.invoke(DelegatingMethodAccessorImpl.java:43)
	at java.lang.reflect.Method.invoke(Method.java:606)
	at org.springframework.aop.aspectj.AbstractAspectJAdvice.invokeAdviceMethodWithGivenArgs(AbstractAspectJAdvice.java:621)
	at org.springframework.aop.aspectj.AbstractAspectJAdvice.invokeAdviceMethod(AbstractAspectJAdvice.java:610)
	at org.springframework.aop.aspectj.AspectJAroundAdvice.invoke(AspectJAroundAdvice.java:68)
	at org.springframework.aop.framework.ReflectiveMethodInvocation.proceed(ReflectiveMethodInvocation.java:179)
	at org.springframework.aop.interceptor.ExposeInvocationInterceptor.invoke(ExposeInvocationInterceptor.java:92)
	at org.springframework.aop.framework.ReflectiveMethodInvocation.proceed(ReflectiveMethodInvocation.java:179)
	at org.springframework.aop.framework.JdkDynamicAopProxy.invoke(JdkDynamicAopProxy.java:207)
	at com.sun.proxy.$Proxy20.add(Unknown Source)
	at com.service.test.ServiceTest.test(ServiceTest.java:20)
	at sun.reflect.NativeMethodAccessorImpl.invoke0(Native Method)
	at sun.reflect.NativeMethodAccessorImpl.invoke(NativeMethodAccessorImpl.java:57)
	at sun.reflect.DelegatingMethodAccessorImpl.invoke(DelegatingMethodAccessorImpl.java:43)
	at java.lang.reflect.Method.invoke(Method.java:606)
	at org.junit.runners.model.FrameworkMethod$1.runReflectiveCall(FrameworkMethod.java:50)
	at org.junit.internal.runners.model.ReflectiveCallable.run(ReflectiveCallable.java:12)
	at org.junit.runners.model.FrameworkMethod.invokeExplosively(FrameworkMethod.java:47)
	at org.junit.internal.runners.statements.InvokeMethod.evaluate(InvokeMethod.java:17)
	at org.springframework.test.context.junit4.statements.RunBeforeTestMethodCallbacks.evaluate(RunBeforeTestMethodCallbacks.java:73)
	at org.springframework.test.context.junit4.statements.RunAfterTestMethodCallbacks.evaluate(RunAfterTestMethodCallbacks.java:82)
	at org.springframework.test.context.junit4.statements.SpringRepeat.evaluate(SpringRepeat.java:73)
	at org.junit.runners.ParentRunner.runLeaf(ParentRunner.java:325)
	at org.springframework.test.context.junit4.SpringJUnit4ClassRunner.runChild(SpringJUnit4ClassRunner.java:224)
	at org.springframework.test.context.junit4.SpringJUnit4ClassRunner.runChild(SpringJUnit4ClassRunner.java:83)
	at org.junit.runners.ParentRunner$3.run(ParentRunner.java:290)
	at org.junit.runners.ParentRunner$1.schedule(ParentRunner.java:71)
	at org.junit.runners.ParentRunner.runChildren(ParentRunner.java:288)
	at org.junit.runners.ParentRunner.access$000(ParentRunner.java:58)
	at org.junit.runners.ParentRunner$2.evaluate(ParentRunner.java:268)
	at org.springframework.test.context.junit4.statements.RunBeforeTestClassCallbacks.evaluate(RunBeforeTestClassCallbacks.java:61)
	at org.springframework.test.context.junit4.statements.RunAfterTestClassCallbacks.evaluate(RunAfterTestClassCallbacks.java:68)
	at org.junit.runners.ParentRunner.run(ParentRunner.java:363)
	at org.springframework.test.context.junit4.SpringJUnit4ClassRunner.run(SpringJUnit4ClassRunner.java:163)
	at org.eclipse.jdt.internal.junit4.runner.JUnit4TestReference.run(JUnit4TestReference.java:50)
	at org.eclipse.jdt.internal.junit.runner.TestExecution.run(TestExecution.java:38)
	at org.eclipse.jdt.internal.junit.runner.RemoteTestRunner.runTests(RemoteTestRunner.java:459)
	at org.eclipse.jdt.internal.junit.runner.RemoteTestRunner.runTests(RemoteTestRunner.java:675)
	at org.eclipse.jdt.internal.junit.runner.RemoteTestRunner.run(RemoteTestRunner.java:382)
	at org.eclipse.jdt.internal.junit.runner.RemoteTestRunner.main(RemoteTestRunner.java:192)

2016-08-10 16:17:44 INFO [DruidDataSource.java:1436] {dataSource-1} closed
2016-08-10 16:22:18 INFO [DruidDataSource.java:721] {dataSource-1} inited
2016-08-10 16:22:20 INFO [LoggingAspect.java:35] 服务名：TestService.add -- 参数：{"table":{"tableName":"Pub_Query","row":{"CurrentPage":"1","PageRecord":"10","OrgCode":""}}}
2016-08-10 16:22:20 INFO [LoggingAspect.java:41] 执行时间：0 ms
2016-08-10 16:22:20 INFO [LoggingAspect.java:42] 输出：执行成功！
2016-08-10 16:22:25 INFO [DruidDataSource.java:1436] {dataSource-1} closed
2016-08-10 16:25:41 INFO [DruidDataSource.java:721] {dataSource-1} inited
2016-08-10 16:25:42 INFO [LoggingAspect.java:35] 服务名：TestService.add -- 参数：{"table":{"tableName":"Pub_Query","row":{"CurrentPage":"1","PageRecord":"10","OrgCode":""}}}
2016-08-10 16:25:43 INFO [LoggingAspect.java:41] 执行时间：100 ms
2016-08-10 16:25:43 INFO [LoggingAspect.java:42] 输出：执行成功！
2016-08-10 16:25:47 INFO [DruidDataSource.java:1436] {dataSource-1} closed
2016-08-10 16:27:19 INFO [DruidDataSource.java:721] {dataSource-1} inited
2016-08-10 16:27:21 INFO [LoggingAspect.java:35] 服务名：TestService.add -- 参数：{"table":{"tableName":"Pub_Query","row":{"CurrentPage":"1","PageRecord":"10","OrgCode":""}}}
2016-08-10 16:27:21 INFO [LoggingAspect.java:35] 服务名：TestService.add -- 参数：{"table":{"tableName":"Pub_Query","row":{"CurrentPage":"1","PageRecord":"10","OrgCode":""}}}
2016-08-10 16:27:21 INFO [LoggingAspect.java:41] 执行时间：100 ms
2016-08-10 16:27:21 INFO [LoggingAspect.java:41] 执行时间：100 ms
2016-08-10 16:27:21 INFO [LoggingAspect.java:42] 输出：执行成功！
2016-08-10 16:27:21 INFO [LoggingAspect.java:42] 输出：执行成功！
2016-08-10 16:27:26 INFO [DruidDataSource.java:1436] {dataSource-1} closed
2016-08-10 16:30:28 INFO [DruidDataSource.java:721] {dataSource-1} inited
2016-08-10 16:30:29 INFO [LoggingAspect.java:35] 服务名：TestService.add -- 参数：{"table":{"tableName":"Pub_Query","row":{"CurrentPage":"1","PageRecord":"10","OrgCode":"300"}}}
2016-08-10 16:30:29 INFO [LoggingAspect.java:35] 服务名：TestService.add -- 参数：{"table":{"tableName":"Pub_Query","row":{"CurrentPage":"1","PageRecord":"10","OrgCode":"300"}}}
2016-08-10 16:30:30 INFO [LoggingAspect.java:41] 执行时间：299 ms
2016-08-10 16:30:30 INFO [LoggingAspect.java:42] 输出：执行成功！
2016-08-10 16:30:30 INFO [LoggingAspect.java:41] 执行时间：300 ms
2016-08-10 16:30:30 INFO [LoggingAspect.java:42] 输出：执行成功！
2016-08-10 16:30:34 INFO [DruidDataSource.java:1436] {dataSource-1} closed
2016-08-10 16:32:12 INFO [DruidDataSource.java:721] {dataSource-1} inited
2016-08-10 16:32:14 INFO [LoggingAspect.java:35] 服务名：TestService.add -- 参数：{"table":{"tableName":"Pub_Query","row":{"CurrentPage":"1","PageRecord":"10","OrgCode":"136.91901137976714"}}}
2016-08-10 16:32:14 INFO [LoggingAspect.java:35] 服务名：TestService.add -- 参数：{"table":{"tableName":"Pub_Query","row":{"CurrentPage":"1","PageRecord":"10","OrgCode":"110.95099201529965"}}}
2016-08-10 16:32:14 ERROR [LoggingAspect.java:50] 服务名：TestService.add -- 参数：{"table":{"tableName":"Pub_Query","row":{"CurrentPage":"1","PageRecord":"10","OrgCode":"136.91901137976714"}}}
2016-08-10 16:32:14 ERROR [LoggingAspect.java:50] 服务名：TestService.add -- 参数：{"table":{"tableName":"Pub_Query","row":{"CurrentPage":"1","PageRecord":"10","OrgCode":"110.95099201529965"}}}
2016-08-10 16:32:14 ERROR [LoggingAspect.java:53] java.lang.NumberFormatException: For input string: "132.34687409447042"
	at java.lang.NumberFormatException.forInputString(NumberFormatException.java:65)
	at java.lang.Long.parseLong(Long.java:441)
	at java.lang.Long.valueOf(Long.java:540)
	at com.mgear.wuhanparking.service.impl.TestServiceImpl.add(TestServiceImpl.java:28)
	at sun.reflect.NativeMethodAccessorImpl.invoke0(Native Method)
	at sun.reflect.NativeMethodAccessorImpl.invoke(NativeMethodAccessorImpl.java:57)
	at sun.reflect.DelegatingMethodAccessorImpl.invoke(DelegatingMethodAccessorImpl.java:43)
	at java.lang.reflect.Method.invoke(Method.java:606)
	at org.springframework.aop.support.AopUtils.invokeJoinpointUsingReflection(AopUtils.java:317)
	at org.springframework.aop.framework.ReflectiveMethodInvocation.invokeJoinpoint(ReflectiveMethodInvocation.java:190)
	at org.springframework.aop.framework.ReflectiveMethodInvocation.proceed(ReflectiveMethodInvocation.java:157)
	at org.springframework.aop.framework.adapter.MethodBeforeAdviceInterceptor.invoke(MethodBeforeAdviceInterceptor.java:52)
	at org.springframework.aop.framework.ReflectiveMethodInvocation.proceed(ReflectiveMethodInvocation.java:179)
	at org.springframework.aop.framework.adapter.AfterReturningAdviceInterceptor.invoke(AfterReturningAdviceInterceptor.java:52)
	at org.springframework.aop.framework.ReflectiveMethodInvocation.proceed(ReflectiveMethodInvocation.java:179)
	at org.springframework.aop.aspectj.AspectJAfterThrowingAdvice.invoke(AspectJAfterThrowingAdvice.java:58)
	at org.springframework.aop.framework.ReflectiveMethodInvocation.proceed(ReflectiveMethodInvocation.java:179)
	at org.springframework.transaction.interceptor.TransactionInterceptor$1.proceedWithInvocation(TransactionInterceptor.java:99)
	at org.springframework.transaction.interceptor.TransactionAspectSupport.invokeWithinTransaction(TransactionAspectSupport.java:281)
	at org.springframework.transaction.interceptor.TransactionInterceptor.invoke(TransactionInterceptor.java:96)
	at org.springframework.aop.framework.ReflectiveMethodInvocation.proceed(ReflectiveMethodInvocation.java:179)
	at org.springframework.aop.interceptor.ExposeInvocationInterceptor.invoke(ExposeInvocationInterceptor.java:92)
	at org.springframework.aop.framework.ReflectiveMethodInvocation.proceed(ReflectiveMethodInvocation.java:179)
	at org.springframework.aop.framework.JdkDynamicAopProxy.invoke(JdkDynamicAopProxy.java:207)
	at com.sun.proxy.$Proxy23.add(Unknown Source)
	at com.service.test.ServiceTest$1.run(ServiceTest.java:24)

2016-08-10 16:32:14 ERROR [LoggingAspect.java:53] java.lang.NumberFormatException: For input string: "166.3338789326608"
	at java.lang.NumberFormatException.forInputString(NumberFormatException.java:65)
	at java.lang.Long.parseLong(Long.java:441)
	at java.lang.Long.valueOf(Long.java:540)
	at com.mgear.wuhanparking.service.impl.TestServiceImpl.add(TestServiceImpl.java:28)
	at sun.reflect.NativeMethodAccessorImpl.invoke0(Native Method)
	at sun.reflect.NativeMethodAccessorImpl.invoke(NativeMethodAccessorImpl.java:57)
	at sun.reflect.DelegatingMethodAccessorImpl.invoke(DelegatingMethodAccessorImpl.java:43)
	at java.lang.reflect.Method.invoke(Method.java:606)
	at org.springframework.aop.support.AopUtils.invokeJoinpointUsingReflection(AopUtils.java:317)
	at org.springframework.aop.framework.ReflectiveMethodInvocation.invokeJoinpoint(ReflectiveMethodInvocation.java:190)
	at org.springframework.aop.framework.ReflectiveMethodInvocation.proceed(ReflectiveMethodInvocation.java:157)
	at org.springframework.aop.framework.adapter.MethodBeforeAdviceInterceptor.invoke(MethodBeforeAdviceInterceptor.java:52)
	at org.springframework.aop.framework.ReflectiveMethodInvocation.proceed(ReflectiveMethodInvocation.java:179)
	at org.springframework.aop.framework.adapter.AfterReturningAdviceInterceptor.invoke(AfterReturningAdviceInterceptor.java:52)
	at org.springframework.aop.framework.ReflectiveMethodInvocation.proceed(ReflectiveMethodInvocation.java:179)
	at org.springframework.aop.aspectj.AspectJAfterThrowingAdvice.invoke(AspectJAfterThrowingAdvice.java:58)
	at org.springframework.aop.framework.ReflectiveMethodInvocation.proceed(ReflectiveMethodInvocation.java:179)
	at org.springframework.transaction.interceptor.TransactionInterceptor$1.proceedWithInvocation(TransactionInterceptor.java:99)
	at org.springframework.transaction.interceptor.TransactionAspectSupport.invokeWithinTransaction(TransactionAspectSupport.java:281)
	at org.springframework.transaction.interceptor.TransactionInterceptor.invoke(TransactionInterceptor.java:96)
	at org.springframework.aop.framework.ReflectiveMethodInvocation.proceed(ReflectiveMethodInvocation.java:179)
	at org.springframework.aop.interceptor.ExposeInvocationInterceptor.invoke(ExposeInvocationInterceptor.java:92)
	at org.springframework.aop.framework.ReflectiveMethodInvocation.proceed(ReflectiveMethodInvocation.java:179)
	at org.springframework.aop.framework.JdkDynamicAopProxy.invoke(JdkDynamicAopProxy.java:207)
	at com.sun.proxy.$Proxy23.add(Unknown Source)
	at com.service.test.ServiceTest$1.run(ServiceTest.java:24)

2016-08-10 16:32:19 INFO [DruidDataSource.java:1436] {dataSource-1} closed
2016-08-10 16:33:34 INFO [DruidDataSource.java:721] {dataSource-1} inited
2016-08-10 16:33:36 INFO [LoggingAspect.java:35] 服务名：TestService.add -- 参数：{"table":{"tableName":"Pub_Query","row":{"CurrentPage":"1","PageRecord":"10","OrgCode":""}}}
2016-08-10 16:33:36 INFO [LoggingAspect.java:41] 执行时间：100 ms
2016-08-10 16:33:36 INFO [LoggingAspect.java:42] 输出：执行成功！
2016-08-10 16:33:41 INFO [DruidDataSource.java:1436] {dataSource-1} closed
2016-08-10 17:58:14 INFO [DruidDataSource.java:721] {dataSource-1} inited
2016-08-10 17:58:15 INFO [LoggingAspect.java:37] 服务名：TestService.add -- 参数：{"table":{"tableName":"Pub_Query","row":{"CurrentPage":"1","PageRecord":"10","OrgCode":""}}}
2016-08-10 17:58:16 INFO [LoggingAspect.java:43] 执行时间：101 ms
2016-08-10 17:58:16 INFO [LoggingAspect.java:44] 输出：执行成功！
2016-08-10 17:58:20 INFO [DruidDataSource.java:1436] {dataSource-1} closed
2016-08-10 17:59:13 INFO [DruidDataSource.java:721] {dataSource-1} inited
2016-08-10 17:59:15 INFO [LoggingAspect.java:37] 服务名：TestService.add -- 参数：{"table":{"tableName":"Pub_Query","row":{"CurrentPage":"1","PageRecord":"10","OrgCode":""}}}
2016-08-10 17:59:15 INFO [LoggingAspect.java:43] 执行时间：102 ms
2016-08-10 17:59:15 INFO [LoggingAspect.java:44] 输出：执行成功！
2016-08-10 17:59:20 INFO [DruidDataSource.java:1436] {dataSource-1} closed
2016-08-11 09:20:56 INFO [DruidDataSource.java:721] {dataSource-1} inited
2016-08-11 09:20:58 INFO [LoggingAspect.java:37] 服务名：TestService.add -- 参数：{"table":{"tableName":"Pub_Query","row":{"CurrentPage":"1","PageRecord":"10","OrgCode":""}}}
2016-08-11 09:20:58 INFO [LoggingAspect.java:43] 执行时间：110 ms
2016-08-11 09:20:58 INFO [LoggingAspect.java:44] 输出：执行成功！
2016-08-11 09:21:03 INFO [DruidDataSource.java:1436] {dataSource-1} closed
2016-08-11 09:22:45 INFO [DruidDataSource.java:721] {dataSource-1} inited
2016-08-11 09:22:47 INFO [LoggingAspect.java:37] 服务名：TestService.add -- 参数：{"table":{"tableName":"Pub_Query","row":{"CurrentPage":"1","PageRecord":"10","OrgCode":""}}}
2016-08-11 09:22:47 INFO [LoggingAspect.java:43] 执行时间：110 ms
2016-08-11 09:22:47 INFO [LoggingAspect.java:44] 输出：执行成功！
2016-08-11 09:22:52 INFO [DruidDataSource.java:1436] {dataSource-1} closed
2016-08-11 09:25:47 INFO [DruidDataSource.java:721] {dataSource-1} inited
2016-08-11 09:25:49 INFO [LoggingAspect.java:37] 服务名：TestService.add -- 参数：{"table":{"tableName":"Pub_Query","row":{"CurrentPage":"1","PageRecord":"10","OrgCode":""}}}
2016-08-11 09:25:49 INFO [ValidateAspect.java:20] 参数校验结果：成功！
2016-08-11 09:25:49 INFO [LoggingAspect.java:43] 执行时间：110 ms
2016-08-11 09:25:49 INFO [LoggingAspect.java:44] 输出：执行成功！
2016-08-11 09:25:54 INFO [DruidDataSource.java:1436] {dataSource-1} closed
2016-08-11 09:26:28 INFO [DruidDataSource.java:721] {dataSource-1} inited
2016-08-11 09:26:30 INFO [LoggingAspect.java:37] 服务名：TestService.add -- 参数：{"table":{"tableName":"Pub_Query","row":{"CurrentPage":"1","PageRecord":"10","OrgCode":""}}}
2016-08-11 09:26:30 INFO [ValidateAspect.java:20] 校验结果：成功！
2016-08-11 09:26:30 INFO [LoggingAspect.java:43] 执行时间：110 ms
2016-08-11 09:26:30 INFO [LoggingAspect.java:44] 输出：执行成功！
2016-08-11 09:26:35 INFO [DruidDataSource.java:1436] {dataSource-1} closed
2016-08-11 09:27:26 INFO [DruidDataSource.java:721] {dataSource-1} inited
2016-08-11 09:27:28 INFO [Aop.java:30] 服务名：TestService.add--输入参数：{"table":{"tableName":"Pub_Query","row":{"CurrentPage":"1","PageRecord":"10","OrgCode":""}}}
2016-08-11 09:27:28 INFO [Aop.java:34] 执行时间：111 ms
2016-08-11 09:27:28 INFO [Aop.java:36] 输出：执行成功！
2016-08-11 09:27:33 INFO [DruidDataSource.java:1436] {dataSource-1} closed
2016-08-11 09:28:23 INFO [DruidDataSource.java:721] {dataSource-1} inited
2016-08-11 09:28:25 INFO [Aop.java:34] 服务名：TestService.add--输入参数：{"table":{"tableName":"Pub_Query","row":{"CurrentPage":"1","PageRecord":"10","OrgCode":""}}}
2016-08-11 09:28:25 INFO [Aop.java:38] 执行时间：110 ms
2016-08-11 09:28:25 INFO [Aop.java:40] 输出：执行成功！
2016-08-11 09:28:30 INFO [DruidDataSource.java:1436] {dataSource-1} closed
2016-08-11 09:51:59 INFO [DruidDataSource.java:721] {dataSource-1} inited
2016-08-11 09:52:01 INFO [Aop.java:34] 服务名：TestService.add--输入参数：{"table":{"tableName":"Pub_Query","row":{"CurrentPage":"1","PageRecord":"10","OrgCode":""}}}
2016-08-11 09:52:01 INFO [Aop.java:41] 执行时间：110 ms
2016-08-11 09:52:01 INFO [Aop.java:43] 输出：执行成功！
2016-08-11 09:52:05 INFO [DruidDataSource.java:1436] {dataSource-1} closed
2016-08-11 09:54:43 INFO [DruidDataSource.java:721] {dataSource-1} inited
2016-08-11 09:54:45 INFO [Aop.java:34] 服务名：TestService.add--输入参数：{"table":{"tableName":"Pub_Query","row":{"CurrentPage":"1","PageRecord":"10","OrgCode":""}}}
2016-08-11 09:54:45 INFO [Aop.java:43] 执行时间：110 ms
2016-08-11 09:54:45 INFO [Aop.java:45] 输出：执行成功！
2016-08-11 09:54:50 INFO [DruidDataSource.java:1436] {dataSource-1} closed
2016-08-11 09:58:27 INFO [DruidDataSource.java:721] {dataSource-1} inited
2016-08-11 09:58:29 INFO [Aop.java:37] 服务名：TestService.add--输入参数：{"table":{"tableName":"Pub_Query","row":{"CurrentPage":"1","PageRecord":"10","OrgCode":""}}}
2016-08-11 09:58:29 INFO [Aop.java:46] 执行时间：126 ms
2016-08-11 09:58:29 INFO [Aop.java:48] 输出：执行成功！
2016-08-11 09:58:34 INFO [DruidDataSource.java:1436] {dataSource-1} closed
2016-08-11 10:03:34 INFO [DruidDataSource.java:721] {dataSource-1} inited
2016-08-11 10:03:35 INFO [LoggingAspect.java:37] 服务名：TestService.add -- 参数：{"table":{"tableName":"Pub_Query","row":{"CurrentPage":"1","PageRecord":"10","OrgCode":""}}}
2016-08-11 10:03:35 INFO [ValidateAspect.java:27] 校验结果：成功！
2016-08-11 10:03:36 INFO [LoggingAspect.java:43] 执行时间：173 ms
2016-08-11 10:03:36 INFO [LoggingAspect.java:44] 输出：执行成功！
2016-08-11 10:03:40 INFO [DruidDataSource.java:1436] {dataSource-1} closed
2016-08-11 10:09:46 INFO [DruidDataSource.java:721] {dataSource-1} inited
2016-08-11 10:09:55 INFO [Aop.java:40] 服务名：TestService.add--输入参数：{"table":{"tableName":"Pub_Query","row":{"CurrentPage":"1","PageRecord":"10","OrgCode":""}}}
2016-08-11 10:09:55 INFO [Aop.java:45] 执行时间：110 ms
2016-08-11 10:09:55 INFO [Aop.java:47] 输出：执行成功！
2016-08-11 10:09:58 INFO [DruidDataSource.java:1436] {dataSource-1} closed
2016-08-11 10:10:16 INFO [DruidDataSource.java:721] {dataSource-1} inited
2016-08-11 10:12:18 INFO [Aop.java:40] 服务名：TestService.add--输入参数：{"table":{"tableName":"Pub_Query","row":{"CurrentPage":"1","PageRecord":"10","OrgCode":""}}}
2016-08-11 10:12:26 INFO [Aop.java:45] 执行时间：6180 ms
2016-08-11 10:12:27 INFO [Aop.java:47] 输出：执行成功！
2016-08-11 10:12:30 INFO [DruidDataSource.java:1436] {dataSource-1} closed
2016-08-11 10:13:22 INFO [DruidDataSource.java:721] {dataSource-1} inited
2016-08-11 10:13:24 INFO [Aop.java:40] 服务名：TestService.add--输入参数：{"table":{"tableName":"Pub_Query","row":{"CurrentPage":"1","PageRecord":"10","OrgCode":""}}}
2016-08-11 10:13:24 INFO [Aop.java:45] 执行时间：110 ms
2016-08-11 10:13:24 INFO [Aop.java:47] 输出：执行成功！
2016-08-11 10:13:28 INFO [DruidDataSource.java:1436] {dataSource-1} closed
2016-08-11 10:16:17 INFO [DruidDataSource.java:721] {dataSource-1} inited
2016-08-11 10:16:18 INFO [Aop.java:41] 服务名：TestService.add--输入参数：{"table":{"tableName":"Pub_Query","row":{"CurrentPage":"1","PageRecord":"10","OrgCode":""}}}
2016-08-11 10:16:18 ERROR [Aop.java:51] 服务名：TestService.add
2016-08-11 10:16:18 ERROR [Aop.java:52] 输入参数：{"table":{"tableName":"Pub_Query","row":{"CurrentPage":"1","PageRecord":"10","OrgCode":""}}}
2016-08-11 10:16:18 ERROR [Aop.java:55] org.springframework.aop.AopInvocationException: AOP configuration seems to be invalid: tried calling method [public abstract java.lang.String com.mgear.wuhanparking.service.TestService.add(java.lang.String)] on target [com.mgear.wuhanparking.service.impl.TestServiceImpl@50423558]; nested exception is java.lang.IllegalArgumentException: argument type mismatch
	at org.springframework.aop.support.AopUtils.invokeJoinpointUsingReflection(AopUtils.java:325)
	at org.springframework.aop.framework.ReflectiveMethodInvocation.invokeJoinpoint(ReflectiveMethodInvocation.java:190)
	at org.springframework.aop.framework.ReflectiveMethodInvocation.proceed(ReflectiveMethodInvocation.java:157)
	at org.springframework.transaction.interceptor.TransactionInterceptor$1.proceedWithInvocation(TransactionInterceptor.java:99)
	at org.springframework.transaction.interceptor.TransactionAspectSupport.invokeWithinTransaction(TransactionAspectSupport.java:281)
	at org.springframework.transaction.interceptor.TransactionInterceptor.invoke(TransactionInterceptor.java:96)
	at org.springframework.aop.framework.ReflectiveMethodInvocation.proceed(ReflectiveMethodInvocation.java:179)
	at org.springframework.aop.aspectj.MethodInvocationProceedingJoinPoint.proceed(MethodInvocationProceedingJoinPoint.java:97)
	at com.mgear.wuhanparking.common.aop.Aop.logAndValidateAround(Aop.java:44)
	at sun.reflect.NativeMethodAccessorImpl.invoke0(Native Method)
	at sun.reflect.NativeMethodAccessorImpl.invoke(NativeMethodAccessorImpl.java:57)
	at sun.reflect.DelegatingMethodAccessorImpl.invoke(DelegatingMethodAccessorImpl.java:43)
	at java.lang.reflect.Method.invoke(Method.java:606)
	at org.springframework.aop.aspectj.AbstractAspectJAdvice.invokeAdviceMethodWithGivenArgs(AbstractAspectJAdvice.java:621)
	at org.springframework.aop.aspectj.AbstractAspectJAdvice.invokeAdviceMethod(AbstractAspectJAdvice.java:610)
	at org.springframework.aop.aspectj.AspectJAroundAdvice.invoke(AspectJAroundAdvice.java:68)
	at org.springframework.aop.framework.ReflectiveMethodInvocation.proceed(ReflectiveMethodInvocation.java:179)
	at org.springframework.aop.interceptor.ExposeInvocationInterceptor.invoke(ExposeInvocationInterceptor.java:92)
	at org.springframework.aop.framework.ReflectiveMethodInvocation.proceed(ReflectiveMethodInvocation.java:179)
	at org.springframework.aop.framework.JdkDynamicAopProxy.invoke(JdkDynamicAopProxy.java:207)
	at com.sun.proxy.$Proxy20.add(Unknown Source)
	at com.service.test.ServiceTest.test(ServiceTest.java:21)
	at sun.reflect.NativeMethodAccessorImpl.invoke0(Native Method)
	at sun.reflect.NativeMethodAccessorImpl.invoke(NativeMethodAccessorImpl.java:57)
	at sun.reflect.DelegatingMethodAccessorImpl.invoke(DelegatingMethodAccessorImpl.java:43)
	at java.lang.reflect.Method.invoke(Method.java:606)
	at org.junit.runners.model.FrameworkMethod$1.runReflectiveCall(FrameworkMethod.java:50)
	at org.junit.internal.runners.model.ReflectiveCallable.run(ReflectiveCallable.java:12)
	at org.junit.runners.model.FrameworkMethod.invokeExplosively(FrameworkMethod.java:47)
	at org.junit.internal.runners.statements.InvokeMethod.evaluate(InvokeMethod.java:17)
	at org.springframework.test.context.junit4.statements.RunBeforeTestMethodCallbacks.evaluate(RunBeforeTestMethodCallbacks.java:73)
	at org.springframework.test.context.junit4.statements.RunAfterTestMethodCallbacks.evaluate(RunAfterTestMethodCallbacks.java:82)
	at org.springframework.test.context.junit4.statements.SpringRepeat.evaluate(SpringRepeat.java:73)
	at org.junit.runners.ParentRunner.runLeaf(ParentRunner.java:325)
	at org.springframework.test.context.junit4.SpringJUnit4ClassRunner.runChild(SpringJUnit4ClassRunner.java:224)
	at org.springframework.test.context.junit4.SpringJUnit4ClassRunner.runChild(SpringJUnit4ClassRunner.java:83)
	at org.junit.runners.ParentRunner$3.run(ParentRunner.java:290)
	at org.junit.runners.ParentRunner$1.schedule(ParentRunner.java:71)
	at org.junit.runners.ParentRunner.runChildren(ParentRunner.java:288)
	at org.junit.runners.ParentRunner.access$000(ParentRunner.java:58)
	at org.junit.runners.ParentRunner$2.evaluate(ParentRunner.java:268)
	at org.springframework.test.context.junit4.statements.RunBeforeTestClassCallbacks.evaluate(RunBeforeTestClassCallbacks.java:61)
	at org.springframework.test.context.junit4.statements.RunAfterTestClassCallbacks.evaluate(RunAfterTestClassCallbacks.java:68)
	at org.junit.runners.ParentRunner.run(ParentRunner.java:363)
	at org.springframework.test.context.junit4.SpringJUnit4ClassRunner.run(SpringJUnit4ClassRunner.java:163)
	at org.eclipse.jdt.internal.junit4.runner.JUnit4TestReference.run(JUnit4TestReference.java:50)
	at org.eclipse.jdt.internal.junit.runner.TestExecution.run(TestExecution.java:38)
	at org.eclipse.jdt.internal.junit.runner.RemoteTestRunner.runTests(RemoteTestRunner.java:459)
	at org.eclipse.jdt.internal.junit.runner.RemoteTestRunner.runTests(RemoteTestRunner.java:675)
	at org.eclipse.jdt.internal.junit.runner.RemoteTestRunner.run(RemoteTestRunner.java:382)
	at org.eclipse.jdt.internal.junit.runner.RemoteTestRunner.main(RemoteTestRunner.java:192)
Caused by: java.lang.IllegalArgumentException: argument type mismatch
	at sun.reflect.NativeMethodAccessorImpl.invoke0(Native Method)
	at sun.reflect.NativeMethodAccessorImpl.invoke(NativeMethodAccessorImpl.java:57)
	at sun.reflect.DelegatingMethodAccessorImpl.invoke(DelegatingMethodAccessorImpl.java:43)
	at java.lang.reflect.Method.invoke(Method.java:606)
	at org.springframework.aop.support.AopUtils.invokeJoinpointUsingReflection(AopUtils.java:317)
	... 50 more

2016-08-11 10:16:23 INFO [DruidDataSource.java:1436] {dataSource-1} closed
2016-08-11 10:17:43 INFO [DruidDataSource.java:721] {dataSource-1} inited
2016-08-11 10:17:45 INFO [Aop.java:42] 服务名：TestService.add--输入参数：{"table":{"tableName":"Pub_Query","row":{"CurrentPage":"1","PageRecord":"10","OrgCode":""}}}
2016-08-11 10:17:45 ERROR [Aop.java:52] 服务名：TestService.add
2016-08-11 10:17:45 ERROR [Aop.java:53] 输入参数：{"table":{"tableName":"Pub_Query","row":{"CurrentPage":"1","PageRecord":"10","OrgCode":""}}}
2016-08-11 10:17:45 ERROR [Aop.java:56] org.springframework.aop.AopInvocationException: AOP configuration seems to be invalid: tried calling method [public abstract java.lang.String com.mgear.wuhanparking.service.TestService.add(java.lang.String)] on target [com.mgear.wuhanparking.service.impl.TestServiceImpl@2abc4d92]; nested exception is java.lang.IllegalArgumentException: argument type mismatch
	at org.springframework.aop.support.AopUtils.invokeJoinpointUsingReflection(AopUtils.java:325)
	at org.springframework.aop.framework.ReflectiveMethodInvocation.invokeJoinpoint(ReflectiveMethodInvocation.java:190)
	at org.springframework.aop.framework.ReflectiveMethodInvocation.proceed(ReflectiveMethodInvocation.java:157)
	at org.springframework.transaction.interceptor.TransactionInterceptor$1.proceedWithInvocation(TransactionInterceptor.java:99)
	at org.springframework.transaction.interceptor.TransactionAspectSupport.invokeWithinTransaction(TransactionAspectSupport.java:281)
	at org.springframework.transaction.interceptor.TransactionInterceptor.invoke(TransactionInterceptor.java:96)
	at org.springframework.aop.framework.ReflectiveMethodInvocation.proceed(ReflectiveMethodInvocation.java:179)
	at org.springframework.aop.aspectj.MethodInvocationProceedingJoinPoint.proceed(MethodInvocationProceedingJoinPoint.java:97)
	at com.mgear.wuhanparking.common.aop.Aop.logAndValidateAround(Aop.java:45)
	at sun.reflect.NativeMethodAccessorImpl.invoke0(Native Method)
	at sun.reflect.NativeMethodAccessorImpl.invoke(NativeMethodAccessorImpl.java:57)
	at sun.reflect.DelegatingMethodAccessorImpl.invoke(DelegatingMethodAccessorImpl.java:43)
	at java.lang.reflect.Method.invoke(Method.java:606)
	at org.springframework.aop.aspectj.AbstractAspectJAdvice.invokeAdviceMethodWithGivenArgs(AbstractAspectJAdvice.java:621)
	at org.springframework.aop.aspectj.AbstractAspectJAdvice.invokeAdviceMethod(AbstractAspectJAdvice.java:610)
	at org.springframework.aop.aspectj.AspectJAroundAdvice.invoke(AspectJAroundAdvice.java:68)
	at org.springframework.aop.framework.ReflectiveMethodInvocation.proceed(ReflectiveMethodInvocation.java:179)
	at org.springframework.aop.interceptor.ExposeInvocationInterceptor.invoke(ExposeInvocationInterceptor.java:92)
	at org.springframework.aop.framework.ReflectiveMethodInvocation.proceed(ReflectiveMethodInvocation.java:179)
	at org.springframework.aop.framework.JdkDynamicAopProxy.invoke(JdkDynamicAopProxy.java:207)
	at com.sun.proxy.$Proxy20.add(Unknown Source)
	at com.service.test.ServiceTest.test(ServiceTest.java:21)
	at sun.reflect.NativeMethodAccessorImpl.invoke0(Native Method)
	at sun.reflect.NativeMethodAccessorImpl.invoke(NativeMethodAccessorImpl.java:57)
	at sun.reflect.DelegatingMethodAccessorImpl.invoke(DelegatingMethodAccessorImpl.java:43)
	at java.lang.reflect.Method.invoke(Method.java:606)
	at org.junit.runners.model.FrameworkMethod$1.runReflectiveCall(FrameworkMethod.java:50)
	at org.junit.internal.runners.model.ReflectiveCallable.run(ReflectiveCallable.java:12)
	at org.junit.runners.model.FrameworkMethod.invokeExplosively(FrameworkMethod.java:47)
	at org.junit.internal.runners.statements.InvokeMethod.evaluate(InvokeMethod.java:17)
	at org.springframework.test.context.junit4.statements.RunBeforeTestMethodCallbacks.evaluate(RunBeforeTestMethodCallbacks.java:73)
	at org.springframework.test.context.junit4.statements.RunAfterTestMethodCallbacks.evaluate(RunAfterTestMethodCallbacks.java:82)
	at org.springframework.test.context.junit4.statements.SpringRepeat.evaluate(SpringRepeat.java:73)
	at org.junit.runners.ParentRunner.runLeaf(ParentRunner.java:325)
	at org.springframework.test.context.junit4.SpringJUnit4ClassRunner.runChild(SpringJUnit4ClassRunner.java:224)
	at org.springframework.test.context.junit4.SpringJUnit4ClassRunner.runChild(SpringJUnit4ClassRunner.java:83)
	at org.junit.runners.ParentRunner$3.run(ParentRunner.java:290)
	at org.junit.runners.ParentRunner$1.schedule(ParentRunner.java:71)
	at org.junit.runners.ParentRunner.runChildren(ParentRunner.java:288)
	at org.junit.runners.ParentRunner.access$000(ParentRunner.java:58)
	at org.junit.runners.ParentRunner$2.evaluate(ParentRunner.java:268)
	at org.springframework.test.context.junit4.statements.RunBeforeTestClassCallbacks.evaluate(RunBeforeTestClassCallbacks.java:61)
	at org.springframework.test.context.junit4.statements.RunAfterTestClassCallbacks.evaluate(RunAfterTestClassCallbacks.java:68)
	at org.junit.runners.ParentRunner.run(ParentRunner.java:363)
	at org.springframework.test.context.junit4.SpringJUnit4ClassRunner.run(SpringJUnit4ClassRunner.java:163)
	at org.eclipse.jdt.internal.junit4.runner.JUnit4TestReference.run(JUnit4TestReference.java:50)
	at org.eclipse.jdt.internal.junit.runner.TestExecution.run(TestExecution.java:38)
	at org.eclipse.jdt.internal.junit.runner.RemoteTestRunner.runTests(RemoteTestRunner.java:459)
	at org.eclipse.jdt.internal.junit.runner.RemoteTestRunner.runTests(RemoteTestRunner.java:675)
	at org.eclipse.jdt.internal.junit.runner.RemoteTestRunner.run(RemoteTestRunner.java:382)
	at org.eclipse.jdt.internal.junit.runner.RemoteTestRunner.main(RemoteTestRunner.java:192)
Caused by: java.lang.IllegalArgumentException: argument type mismatch
	at sun.reflect.NativeMethodAccessorImpl.invoke0(Native Method)
	at sun.reflect.NativeMethodAccessorImpl.invoke(NativeMethodAccessorImpl.java:57)
	at sun.reflect.DelegatingMethodAccessorImpl.invoke(DelegatingMethodAccessorImpl.java:43)
	at java.lang.reflect.Method.invoke(Method.java:606)
	at org.springframework.aop.support.AopUtils.invokeJoinpointUsingReflection(AopUtils.java:317)
	... 50 more

2016-08-11 10:17:50 INFO [DruidDataSource.java:1436] {dataSource-1} closed
2016-08-11 10:22:13 INFO [DruidDataSource.java:721] {dataSource-1} inited
2016-08-11 10:22:14 INFO [Aop.java:42] 服务名：TestService.add--输入参数：{"table":{"tableName":"Pub_Query","row":{"CurrentPage":"1","PageRecord":"10","OrgCode":""}}}
2016-08-11 10:22:14 ERROR [Aop.java:52] 服务名：TestService.add
2016-08-11 10:22:14 ERROR [Aop.java:53] 输入参数：{"table":{"tableName":"Pub_Query","row":{"CurrentPage":"1","PageRecord":"10","OrgCode":""}}}
2016-08-11 10:22:14 ERROR [Aop.java:56] org.springframework.aop.AopInvocationException: AOP configuration seems to be invalid: tried calling method [public abstract java.lang.String com.mgear.wuhanparking.service.TestService.add(java.lang.String)] on target [com.mgear.wuhanparking.service.impl.TestServiceImpl@5b8cba01]; nested exception is java.lang.IllegalArgumentException: argument type mismatch
	at org.springframework.aop.support.AopUtils.invokeJoinpointUsingReflection(AopUtils.java:325)
	at org.springframework.aop.framework.ReflectiveMethodInvocation.invokeJoinpoint(ReflectiveMethodInvocation.java:190)
	at org.springframework.aop.framework.ReflectiveMethodInvocation.proceed(ReflectiveMethodInvocation.java:157)
	at org.springframework.transaction.interceptor.TransactionInterceptor$1.proceedWithInvocation(TransactionInterceptor.java:99)
	at org.springframework.transaction.interceptor.TransactionAspectSupport.invokeWithinTransaction(TransactionAspectSupport.java:281)
	at org.springframework.transaction.interceptor.TransactionInterceptor.invoke(TransactionInterceptor.java:96)
	at org.springframework.aop.framework.ReflectiveMethodInvocation.proceed(ReflectiveMethodInvocation.java:179)
	at org.springframework.aop.aspectj.MethodInvocationProceedingJoinPoint.proceed(MethodInvocationProceedingJoinPoint.java:97)
	at com.mgear.wuhanparking.common.aop.Aop.logAndValidateAround(Aop.java:45)
	at sun.reflect.NativeMethodAccessorImpl.invoke0(Native Method)
	at sun.reflect.NativeMethodAccessorImpl.invoke(NativeMethodAccessorImpl.java:57)
	at sun.reflect.DelegatingMethodAccessorImpl.invoke(DelegatingMethodAccessorImpl.java:43)
	at java.lang.reflect.Method.invoke(Method.java:606)
	at org.springframework.aop.aspectj.AbstractAspectJAdvice.invokeAdviceMethodWithGivenArgs(AbstractAspectJAdvice.java:621)
	at org.springframework.aop.aspectj.AbstractAspectJAdvice.invokeAdviceMethod(AbstractAspectJAdvice.java:610)
	at org.springframework.aop.aspectj.AspectJAroundAdvice.invoke(AspectJAroundAdvice.java:68)
	at org.springframework.aop.framework.ReflectiveMethodInvocation.proceed(ReflectiveMethodInvocation.java:179)
	at org.springframework.aop.interceptor.ExposeInvocationInterceptor.invoke(ExposeInvocationInterceptor.java:92)
	at org.springframework.aop.framework.ReflectiveMethodInvocation.proceed(ReflectiveMethodInvocation.java:179)
	at org.springframework.aop.framework.JdkDynamicAopProxy.invoke(JdkDynamicAopProxy.java:207)
	at com.sun.proxy.$Proxy20.add(Unknown Source)
	at com.service.test.ServiceTest.test(ServiceTest.java:21)
	at sun.reflect.NativeMethodAccessorImpl.invoke0(Native Method)
	at sun.reflect.NativeMethodAccessorImpl.invoke(NativeMethodAccessorImpl.java:57)
	at sun.reflect.DelegatingMethodAccessorImpl.invoke(DelegatingMethodAccessorImpl.java:43)
	at java.lang.reflect.Method.invoke(Method.java:606)
	at org.junit.runners.model.FrameworkMethod$1.runReflectiveCall(FrameworkMethod.java:50)
	at org.junit.internal.runners.model.ReflectiveCallable.run(ReflectiveCallable.java:12)
	at org.junit.runners.model.FrameworkMethod.invokeExplosively(FrameworkMethod.java:47)
	at org.junit.internal.runners.statements.InvokeMethod.evaluate(InvokeMethod.java:17)
	at org.springframework.test.context.junit4.statements.RunBeforeTestMethodCallbacks.evaluate(RunBeforeTestMethodCallbacks.java:73)
	at org.springframework.test.context.junit4.statements.RunAfterTestMethodCallbacks.evaluate(RunAfterTestMethodCallbacks.java:82)
	at org.springframework.test.context.junit4.statements.SpringRepeat.evaluate(SpringRepeat.java:73)
	at org.junit.runners.ParentRunner.runLeaf(ParentRunner.java:325)
	at org.springframework.test.context.junit4.SpringJUnit4ClassRunner.runChild(SpringJUnit4ClassRunner.java:224)
	at org.springframework.test.context.junit4.SpringJUnit4ClassRunner.runChild(SpringJUnit4ClassRunner.java:83)
	at org.junit.runners.ParentRunner$3.run(ParentRunner.java:290)
	at org.junit.runners.ParentRunner$1.schedule(ParentRunner.java:71)
	at org.junit.runners.ParentRunner.runChildren(ParentRunner.java:288)
	at org.junit.runners.ParentRunner.access$000(ParentRunner.java:58)
	at org.junit.runners.ParentRunner$2.evaluate(ParentRunner.java:268)
	at org.springframework.test.context.junit4.statements.RunBeforeTestClassCallbacks.evaluate(RunBeforeTestClassCallbacks.java:61)
	at org.springframework.test.context.junit4.statements.RunAfterTestClassCallbacks.evaluate(RunAfterTestClassCallbacks.java:68)
	at org.junit.runners.ParentRunner.run(ParentRunner.java:363)
	at org.springframework.test.context.junit4.SpringJUnit4ClassRunner.run(SpringJUnit4ClassRunner.java:163)
	at org.eclipse.jdt.internal.junit4.runner.JUnit4TestReference.run(JUnit4TestReference.java:50)
	at org.eclipse.jdt.internal.junit.runner.TestExecution.run(TestExecution.java:38)
	at org.eclipse.jdt.internal.junit.runner.RemoteTestRunner.runTests(RemoteTestRunner.java:459)
	at org.eclipse.jdt.internal.junit.runner.RemoteTestRunner.runTests(RemoteTestRunner.java:675)
	at org.eclipse.jdt.internal.junit.runner.RemoteTestRunner.run(RemoteTestRunner.java:382)
	at org.eclipse.jdt.internal.junit.runner.RemoteTestRunner.main(RemoteTestRunner.java:192)
Caused by: java.lang.IllegalArgumentException: argument type mismatch
	at sun.reflect.NativeMethodAccessorImpl.invoke0(Native Method)
	at sun.reflect.NativeMethodAccessorImpl.invoke(NativeMethodAccessorImpl.java:57)
	at sun.reflect.DelegatingMethodAccessorImpl.invoke(DelegatingMethodAccessorImpl.java:43)
	at java.lang.reflect.Method.invoke(Method.java:606)
	at org.springframework.aop.support.AopUtils.invokeJoinpointUsingReflection(AopUtils.java:317)
	... 50 more

2016-08-11 10:22:19 INFO [DruidDataSource.java:1436] {dataSource-1} closed
2016-08-11 10:23:17 INFO [DruidDataSource.java:721] {dataSource-1} inited
2016-08-11 10:23:19 INFO [Aop.java:42] 服务名：TestService.add--输入参数：{"table":{"tableName":"Pub_Query","row":{"CurrentPage":"1","PageRecord":"10","OrgCode":""}}}
2016-08-11 10:23:19 INFO [Aop.java:47] 执行时间：111 ms
2016-08-11 10:23:19 INFO [Aop.java:49] 输出：执行成功！
2016-08-11 10:23:24 INFO [DruidDataSource.java:1436] {dataSource-1} closed
2016-08-11 10:24:54 INFO [DruidDataSource.java:721] {dataSource-1} inited
2016-08-11 10:24:56 INFO [Aop.java:42] 服务名：TestService.add--输入参数：{"table":{"tableName":"Pub_Query","row":{"CurrentPage":"1","PageRecord":"10","OrgCode":""}}}
2016-08-11 10:24:56 INFO [Aop.java:47] 执行时间：110 ms
2016-08-11 10:24:56 INFO [Aop.java:49] 输出：执行成功！
2016-08-11 10:25:00 INFO [DruidDataSource.java:1436] {dataSource-1} closed
2016-08-11 10:26:44 INFO [DruidDataSource.java:721] {dataSource-1} inited
2016-08-11 10:26:46 INFO [Aop.java:47] 服务名：TestService.add--输入参数：{"table":{"tableName":"Pub_Query","row":{"CurrentPage":"1","PageRecord":"10","OrgCode":""}}}
2016-08-11 10:26:46 INFO [Aop.java:52] 执行时间：110 ms
2016-08-11 10:26:46 INFO [Aop.java:54] 输出：执行成功！
2016-08-11 10:26:51 INFO [DruidDataSource.java:1436] {dataSource-1} closed
2016-08-11 10:28:48 INFO [DruidDataSource.java:721] {dataSource-1} inited
2016-08-11 10:28:50 INFO [Aop.java:45] 服务名：TestService.add--输入参数：{"table":{"tableName":"Pub_Query","row":{"CurrentPage":"1","PageRecord":"10","OrgCode":""}}}
2016-08-11 10:28:50 INFO [Aop.java:50] 执行时间：109 ms
2016-08-11 10:28:50 INFO [Aop.java:52] 输出：执行成功！
2016-08-11 10:28:55 INFO [DruidDataSource.java:1436] {dataSource-1} closed
2016-08-11 10:30:26 INFO [DruidDataSource.java:721] {dataSource-1} inited
2016-08-11 10:33:48 INFO [DruidDataSource.java:721] {dataSource-1} inited
2016-08-11 10:34:13 INFO [Aop.java:46] 服务名：TestService.add--输入参数：{"table":{"tableName":"Pub_Query","row":{"CurrentPage":"1","PageRecord":"10","OrgCode":""}}}
2016-08-11 10:34:14 INFO [Aop.java:51] 执行时间：827 ms
2016-08-11 10:34:14 INFO [Aop.java:53] 输出：执行成功！
2016-08-11 10:34:19 INFO [DruidDataSource.java:1436] {dataSource-1} closed
2016-08-11 10:43:34 INFO [DruidDataSource.java:721] {dataSource-1} inited
2016-08-11 10:43:35 INFO [Aop.java:39] 服务名：TestService.add--输入参数：{"table":{"tableName":"Pub_Query","row":{"CurrentPage":"1","PageRecord":"10","OrgCode":""}}}
2016-08-11 10:43:35 INFO [Aop.java:44] 执行时间：110 ms
2016-08-11 10:43:35 INFO [Aop.java:46] 输出：执行成功！
2016-08-11 10:43:40 INFO [DruidDataSource.java:1436] {dataSource-1} closed
2016-08-11 10:50:51 INFO [DruidDataSource.java:721] {dataSource-1} inited
2016-08-11 10:50:52 INFO [Aop.java:39] 服务名：TestService.add -- 输入参数：{"table":{"tableName":"Pub_Query","row":{"CurrentPage":"1","PageRecord":"10","OrgCode":""}}}
2016-08-11 10:50:52 INFO [Aop.java:44] 执行时间：110 ms
2016-08-11 10:50:52 INFO [Aop.java:46] 输出：执行成功！
2016-08-11 10:50:57 INFO [DruidDataSource.java:1436] {dataSource-1} closed
